<?xml version="1.0" encoding="UTF-8"?>
<!-- Generated by org.testng.reporters.JUnitXMLReporter -->
<testsuite ignored="0" hostname="WKWIN7248332" failures="0" tests="3" name="Default test" time="2.713" errors="0" timestamp="2022-08-25T16:24:27 IST">
  <testcase classname="testcases.Test_get" name="test_getAll" time="1.339"/>
  <testcase classname="testcases.Test_get" name="test_post" time="1.129"/>
  <testcase classname="testcases.Test_get" name="test_givenUser" time="0.193"/>
</testsuite> <!-- Default test -->
